android/app/build/outputs/mapping/release/seeds.txt
com.example.mobile_data_optimization_app.MainActivity
com.example.mobile_data_optimization_app.MainActivity: MainActivity()
...
com.google.android.gms.measurement.AppMeasurement
io.flutter.embedding.engine.plugins.lifecycle.HiddenLifecycleReference
com.it_nomads.fluttersecurestorage.FlutterSecureStoragePlugin
io.flutter.plugin.editing.ImeSyncDeferringInsetsCallback
io.flutter.view.TextureRegistry$SurfaceProducer
androidx.media3.exoplayer.smoothstreaming.SsMediaSource$Factory
com.google.android.gms.common.GooglePlayServicesMissingManifestValueException
com.google.firebase.analytics.connector.internal.AnalyticsConnectorRegistrar
io.flutter.view.FlutterCallbackInformation
com.google.android.gms.measurement.AppMeasurementService
io.flutter.embedding.engine.mutatorsstack.FlutterMutatorsStack
androidx.appcompat.widget.SearchView
kotlin.internal.jdk7.JDK7PlatformImplementations
androidx.appcompat.widget.SearchView$SearchAutoComplete
androidx.appcompat.widget.ContentFrameLayout
kotlinx.coroutines.internal.StackTraceRecoveryKt
com.google.android.gms.common.api.internal.LifecycleCallback
androidx.startup.InitializationProvider
androidx.appcompat.widget.FitWindowsFrameLayout
androidx.window.area.reflectionguard.WindowAreaComponentApi2Requirements
androidx.appcompat.widget.ActionBarOverlayLayout
com.google.android.gms.measurement.internal.AppMeasurementDynamiteService
com.google.firebase.analytics.FirebaseAnalytics
androidx.window.area.reflectionguard.ExtensionWindowAreaPresentationRequirements
androidx.appcompat.widget.ActionBarContextView
androidx.appcompat.widget.Toolbar
io.flutter.plugin.text.ProcessTextPlugin
kotlinx.coroutines.android.AndroidDispatcherFactory
android.support.v4.graphics.drawable.IconCompatParcelizer
androidx.window.area.reflectionguard.WindowAreaComponentApi3Requirements
androidx.core.widget.NestedScrollView
com.google.android.gms.common.annotation.KeepName
io.flutter.plugins.GeneratedPluginRegistrant
com.google.android.gms.measurement.AppMeasurementReceiver
androidx.core.app.CoreComponentFactory
com.google.android.gms.measurement.AppMeasurementJobService
com.google.android.gms.internal.measurement.zzgm: int zzd
io.flutter.plugin.editing.ImeSyncDeferringInsetsCallback: boolean animating
com.google.android.gms.internal.measurement.zzff: java.lang.String zzr
com.google.android.gms.internal.measurement.zzff: com.google.android.gms.internal.measurement.zzli zzn
com.google.android.gms.internal.measurement.zzfh: java.lang.String zzf
com.google.crypto.tink.proto.XChaCha20Poly1305KeyFormat: int VERSION_FIELD_NUMBER
kotlinx.coroutines.internal.DispatchedContinuation: java.lang.Object _reusableCancellableContinuation
kotlinx.coroutines.scheduling.CoroutineScheduler$Worker: java.lang.Object nextParkedWorker
com.google.crypto.tink.proto.AesSivKey: com.google.crypto.tink.shaded.protobuf.ByteString keyValue_
com.google.crypto.tink.proto.XChaCha20Poly1305Key: com.google.crypto.tink.proto.XChaCha20Poly1305Key DEFAULT_INSTANCE
com.google.android.gms.internal.measurement.zzfd: com.google.android.gms.internal.measurement.zzfd zza
com.google.android.gms.internal.measurement.zzek: int zzd
com.google.android.gms.internal.measurement.zzfx: com.google.android.gms.internal.measurement.zzfx zza
com.google.android.gms.internal.measurement.zzgd: com.google.android.gms.internal.measurement.zzli zzG
com.google.crypto.tink.proto.Keyset$Key: int STATUS_FIELD_NUMBER
com.google.android.gms.internal.measurement.zzem: com.google.android.gms.internal.measurement.zzey zze
com.google.crypto.tink.proto.AesSivKey: com.google.crypto.tink.shaded.protobuf.Parser PARSER
kotlinx.coroutines.scheduling.CoroutineScheduler: long controlState
com.google.android.gms.internal.measurement.zzek: boolean zzj
com.google.android.gms.dynamite.descriptors.com.google.android.gms.measurement.dynamite.ModuleDescriptor: int MODULE_VERSION
com.google.android.gms.internal.measurement.zzfn: java.lang.String zzg
androidx.lifecycle.ProcessLifecycleOwner$attach$1$onActivityPreCreated$1: androidx.lifecycle.ProcessLifecycleOwner this$0
com.google.crypto.tink.proto.AesSivKeyFormat: int KEY_SIZE_FIELD_NUMBER