android/app/build/outputs/mapping/release/usage.txt
com.example.mobile_data_optimization_app.R$drawable
com.example.mobile_data_optimization_app.R$mipmap
com.example.mobile_data_optimization_app.R$string
com.example.mobile_data_optimization_app.R$style
com.example.mobile_data_optimization_app.R
com.example.mobile_data_optimization_app.MainActivity$$InternalSyntheticLambda$1$dd93c8f066bae373ccbb331e62567b570598644259489521bbe8deb75145e3fd$0
com.example.mobile_data_optimization_app.MainActivity:
    public final void configureFlutterEngine()
    public static java.util.Map getTrafficStats()
...
androidx.appcompat.view.menu.MenuDialogHelper
androidx.appcompat.view.menu.MenuHelper
androidx.appcompat.view.menu.MenuItemImpl$1:
    public void onActionProviderVisibilityChanged(boolean)
androidx.appcompat.view.menu.MenuItemImpl:
    private static final int CHECKABLE
    private static final int CHECKED
    private static final int ENABLED
    private static final int EXCLUSIVE
    private static final int HIDDEN
    private static final int IS_ACTION
    static final int NO_ICON
    private static final int SHOW_AS_ACTION_MASK
    private static final java.lang.String TAG
    java.lang.Runnable getCallback()
    public boolean requiresOverflow()
    public android.view.MenuItem setCallback(java.lang.Runnable)
androidx.appcompat.view.menu.MenuItemWrapperICS$ActionProviderWrapper
androidx.appcompat.view.menu.MenuItemWrapperICS$ActionProviderWrapperJB
androidx.appcompat.view.menu.MenuItemWrapperICS$CollapsibleActionViewWrapper
androidx.appcompat.view.menu.MenuItemWrapperICS$OnActionExpandListenerWrapper
androidx.appcompat.view.menu.MenuItemWrapperICS$OnMenuItemClickListenerWrapper
androidx.appcompat.view.menu.MenuItemWrapperICS:
    static final java.lang.String LOG_TAG
    private java.lang.reflect.Method mSetExclusiveCheckableMethod
    private final androidx.core.internal.view.SupportMenuItem mWrappedObject
    public void <init>(android.content.Context,androidx.core.internal.view.SupportMenuItem)
    public boolean collapseActionView()
    public boolean expandActionView()
    public android.view.ActionProvider getActionProvider()
    public android.view.View getActionView()
    public int getAlphabeticModifiers()
    public char getAlphabeticShortcut()
    public java.lang.CharSequence getContentDescription()
    public int getGroupId()
    public android.graphics.drawable.Drawable getIcon()
    public android.content.res.ColorStateList getIconTintList()
    public android.graphics.PorterDuff$Mode getIconTintMode()
    public android.content.Intent getIntent()
    public int getItemId()
    public android.view.ContextMenu$ContextMenuInfo getMenuInfo()
    public int getNumericModifiers()
    public char getNumericShortcut()
    public int getOrder()
    public android.view.SubMenu getSubMenu()
    public java.lang.CharSequence getTitle()
    public java.lang.CharSequence getTitleCondensed()
    public java.lang.CharSequence getTooltipText()
    public boolean hasSubMenu()
    public boolean isActionViewExpanded()
    public boolean isCheckable()
    public boolean isChecked()
    public boolean isEnabled()
    public boolean isVisible()
androidx.appcompat.view.menu.MenuPopup:
    public int getId()
    public androidx.appcompat.view.menu.MenuView getMenuView(android.view.ViewGroup)
androidx.appcompat.view.menu.MenuPopupHelper$Api17Impl:
    private void <init>()
androidx.appcompat.view.menu.MenuPopupHelper:
    private static final int TOUCH_EPICENTER_SIZE_DP
    public void <init>(android.content.Context,androidx.appcompat.view.menu.MenuBuilder)
    public void <init>(android.content.Context,androidx.appcompat.view.menu.MenuBuilder,android.view.View)
    public int getGravity()
    public android.widget.ListView getListView()
    public void show(int,int)
androidx.appcompat.view.menu.MenuPresenter:
    public abstract int getId()
    public abstract androidx.appcompat.view.menu.MenuView getMenuView(android.view.ViewGroup)
    public abstract void onRestoreInstanceState(android.os.Parcelable)
    public abstract android.os.Parcelable onSaveInstanceState()
androidx.appcompat.view.menu.MenuView$ItemView:
    public abstract void setCheckable(boolean)
    public abstract void setChecked(boolean)
    public abstract void setEnabled(boolean)
    public abstract void setIcon(android.graphics.drawable.Drawable)
    public abstract void setShortcut(boolean,char)
    public abstract void setTitle(java.lang.CharSequence)
    public abstract boolean showsIcon()